app/build/intermediates/manifest_merge_blame_file/release/processReleaseMainManifest/manifest-merger-blame-release-report.txt
1<?xml version="1.0" encoding="utf-8"?>
2<manifest xmlns:android="http://schemas.android.com/apk/res/android"
3    package="com.hourlyvoiceclock"
4    android:versionCode="1"
5    android:versionName="1.0" >
6
7    <uses-sdk
8        android:minSdkVersion="26"
9        android:targetSdkVersion="34" />
10
11    <!-- Notifications (Android 13+) -->
12    <uses-permission android:name="android.permission.POST_NOTIFICATIONS" />
12-->src/main/AndroidManifest.xml:6:5-77
12-->src/main/AndroidManifest.xml:6:22-74
13
14    <!-- Alarm scheduling -->
15    <uses-permission android:name="android.permission.SCHEDULE_EXACT_ALARM" />
15-->src/main/AndroidManifest.xml:9:5-79
15-->src/main/AndroidManifest.xml:9:22-76
16    <uses-permission android:name="android.permission.USE_EXACT_ALARM" />
16-->src/main/AndroidManifest.xml:10:5-74
16-->src/main/AndroidManifest.xml:10:22-71
17    <uses-permission android:name="android.permission.WAKE_LOCK" />
17-->src/main/AndroidManifest.xml:11:5-68
17-->src/main/AndroidManifest.xml:11:22-65
18
19    <!-- Vibrate before speaking -->
20    <uses-permission android:name="android.permission.VIBRATE" />
20-->src/main/AndroidManifest.xml:14:5-66
20-->src/main/AndroidManifest.xml:14:22-63
21
22    <!-- Reschedule on boot -->
23    <uses-permission android:name="android.permission.RECEIVE_BOOT_COMPLETED" />
23-->src/main/AndroidManifest.xml:17:5-81
23-->src/main/AndroidManifest.xml:17:22-78
24
25    <permission
25-->[androidx.core:core:1.12.0] AndroidManifest.xml:22:5-24:47
26        android:name="com.hourlyvoiceclock.DYNAMIC_RECEIVER_NOT_EXPORTED_PERMISSION"
26-->[androidx.core:core:1.12.0] AndroidManifest.xml:23:9-81
27        android:protectionLevel="signature" />
27-->[androidx.core:core:1.12.0] AndroidManifest.xml:24:9-44
28
29    <uses-permission android:name="com.hourlyvoiceclock.DYNAMIC_RECEIVER_NOT_EXPORTED_PERMISSION" />
29-->[androidx.core:core:1.12.0] AndroidManifest.xml:26:5-97
29-->[androidx.core:core:1.12.0] AndroidManifest.xml:26:22-94
30
31    <application
31-->src/main/AndroidManifest.xml:19:5-66:19
32        android:name="com.hourlyvoiceclock.HourlyVoiceClockApp"
32-->src/main/AndroidManifest.xml:20:9-44
33        android:allowBackup="true"
33-->src/main/AndroidManifest.xml:21:9-35
34        android:appComponentFactory="androidx.core.app.CoreComponentFactory"
34-->[androidx.core:core:1.12.0] AndroidManifest.xml:28:18-86
35        android:dataExtractionRules="@xml/data_extraction_rules"
35-->src/main/AndroidManifest.xml:22:9-65
36        android:extractNativeLibs="false"
37        android:fullBackupContent="@xml/backup_rules"
37-->src/main/AndroidManifest.xml:23:9-54
38        android:icon="@mipmap/ic_launcher"
38-->src/main/AndroidManifest.xml:24:9-43
39        android:label="@string/app_name"
39-->src/main/AndroidManifest.xml:25:9-41
40        android:roundIcon="@mipmap/ic_launcher_round"
40-->src/main/AndroidManifest.xml:26:9-54
41        android:supportsRtl="true"
41-->src/main/AndroidManifest.xml:27:9-35
42        android:theme="@style/Theme.HourlyVoiceClock" >
42-->src/main/AndroidManifest.xml:28:9-54
43        <activity
43-->src/main/AndroidManifest.xml:31:9-39:20
44            android:name="com.hourlyvoiceclock.MainActivity"
44-->src/main/AndroidManifest.xml:32:13-41
45            android:exported="true"
45-->src/main/AndroidManifest.xml:33:13-36
46            android:theme="@style/Theme.HourlyVoiceClock" >
46-->src/main/AndroidManifest.xml:34:13-58
47            <intent-filter>
47-->src/main/AndroidManifest.xml:35:13-38:29
48                <action android:name="android.intent.action.MAIN" />
48-->src/main/AndroidManifest.xml:36:17-69
48-->src/main/AndroidManifest.xml:36:25-66
49
50                <category android:name="android.intent.category.LAUNCHER" />
50-->src/main/AndroidManifest.xml:37:17-77
50-->src/main/AndroidManifest.xml:37:27-74
51            </intent-filter>
52        </activity>
53
54        <!-- Alarm receiver -->
55        <receiver
55-->src/main/AndroidManifest.xml:42:9-44:40
56            android:name="com.hourlyvoiceclock.receiver.AlarmReceiver"
56-->src/main/AndroidManifest.xml:43:13-51
57            android:exported="false" />
57-->src/main/AndroidManifest.xml:44:13-37
58
59        <!-- Boot receiver -->
60        <receiver
60-->src/main/AndroidManifest.xml:47:9-55:20
61            android:name="com.hourlyvoiceclock.receiver.BootReceiver"
61-->src/main/AndroidManifest.xml:48:13-50
62            android:enabled="true"
62-->src/main/AndroidManifest.xml:49:13-35
63            android:exported="true"
63-->src/main/AndroidManifest.xml:50:13-36
64            android:permission="android.permission.RECEIVE_BOOT_COMPLETED" >
64-->src/main/AndroidManifest.xml:51:13-75
65            <intent-filter>
65-->src/main/AndroidManifest.xml:52:13-54:29
66                <action android:name="android.intent.action.BOOT_COMPLETED" />
66-->src/main/AndroidManifest.xml:53:17-79
66-->src/main/AndroidManifest.xml:53:25-76
67            </intent-filter>
68        </receiver>
69
70        <!-- Time changed receiver -->
71        <receiver
71-->src/main/AndroidManifest.xml:58:9-65:20
72            android:name="com.hourlyvoiceclock.receiver.TimeChangedReceiver"
72-->src/main/AndroidManifest.xml:59:13-57
73            android:exported="true" >
73-->src/main/AndroidManifest.xml:60:13-36
74            <intent-filter>
74-->src/main/AndroidManifest.xml:61:13-64:29
75                <action android:name="android.intent.action.TIME_SET" />
75-->src/main/AndroidManifest.xml:62:17-73
75-->src/main/AndroidManifest.xml:62:25-70
76                <action android:name="android.intent.action.TIMEZONE_CHANGED" />
76-->src/main/AndroidManifest.xml:63:17-81
76-->src/main/AndroidManifest.xml:63:25-78
77            </intent-filter>
78        </receiver>
79
80        <provider
80-->[androidx.emoji2:emoji2:1.3.0] AndroidManifest.xml:24:9-32:20
81            android:name="androidx.startup.InitializationProvider"
81-->[androidx.emoji2:emoji2:1.3.0] AndroidManifest.xml:25:13-67
82            android:authorities="com.hourlyvoiceclock.androidx-startup"
82-->[androidx.emoji2:emoji2:1.3.0] AndroidManifest.xml:26:13-68
83            android:exported="false" >
83-->[androidx.emoji2:emoji2:1.3.0] AndroidManifest.xml:27:13-37
84            <meta-data
84-->[androidx.emoji2:emoji2:1.3.0] AndroidManifest.xml:29:13-31:52
85                android:name="androidx.emoji2.text.EmojiCompatInitializer"
85-->[androidx.emoji2:emoji2:1.3.0] AndroidManifest.xml:30:17-75
86                android:value="androidx.startup" />
86-->[androidx.emoji2:emoji2:1.3.0] AndroidManifest.xml:31:17-49
87            <meta-data
87-->[androidx.lifecycle:lifecycle-process:2.7.0] AndroidManifest.xml:29:13-31:52
88                android:name="androidx.lifecycle.ProcessLifecycleInitializer"
88-->[androidx.lifecycle:lifecycle-process:2.7.0] AndroidManifest.xml:30:17-78
89                android:value="androidx.startup" />
89-->[androidx.lifecycle:lifecycle-process:2.7.0] AndroidManifest.xml:31:17-49
90            <meta-data
90-->[androidx.profileinstaller:profileinstaller:1.3.0] AndroidManifest.xml:29:13-31:52
91                android:name="androidx.profileinstaller.ProfileInstallerInitializer"
91-->[androidx.profileinstaller:profileinstaller:1.3.0] AndroidManifest.xml:30:17-85
92                android:value="androidx.startup" />
92-->[androidx.profileinstaller:profileinstaller:1.3.0] AndroidManifest.xml:31:17-49
93        </provider>
94
95        <receiver
95-->[androidx.profileinstaller:profileinstaller:1.3.0] AndroidManifest.xml:34:9-52:20
96            android:name="androidx.profileinstaller.ProfileInstallReceiver"
96-->[androidx.profileinstaller:profileinstaller:1.3.0] AndroidManifest.xml:35:13-76
97            android:directBootAware="false"
97-->[androidx.profileinstaller:profileinstaller:1.3.0] AndroidManifest.xml:36:13-44
98            android:enabled="true"
98-->[androidx.profileinstaller:profileinstaller:1.3.0] AndroidManifest.xml:37:13-35
99            android:exported="true"
99-->[androidx.profileinstaller:profileinstaller:1.3.0] AndroidManifest.xml:38:13-36
100            android:permission="android.permission.DUMP" >
100-->[androidx.profileinstaller:profileinstaller:1.3.0] AndroidManifest.xml:39:13-57
101            <intent-filter>
101-->[androidx.profileinstaller:profileinstaller:1.3.0] AndroidManifest.xml:40:13-42:29
102                <action android:name="androidx.profileinstaller.action.INSTALL_PROFILE" />
102-->[androidx.profileinstaller:profileinstaller:1.3.0] AndroidManifest.xml:41:17-91
102-->[androidx.profileinstaller:profileinstaller:1.3.0] AndroidManifest.xml:41:25-88
103            </intent-filter>
104            <intent-filter>
104-->[androidx.profileinstaller:profileinstaller:1.3.0] AndroidManifest.xml:43:13-45:29
105                <action android:name="androidx.profileinstaller.action.SKIP_FILE" />
105-->[androidx.profileinstaller:profileinstaller:1.3.0] AndroidManifest.xml:44:17-85
105-->[androidx.profileinstaller:profileinstaller:1.3.0] AndroidManifest.xml:44:25-82
106            </intent-filter>
107            <intent-filter>
107-->[androidx.profileinstaller:profileinstaller:1.3.0] AndroidManifest.xml:46:13-48:29
108                <action android:name="androidx.profileinstaller.action.SAVE_PROFILE" />
108-->[androidx.profileinstaller:profileinstaller:1.3.0] AndroidManifest.xml:47:17-88
108-->[androidx.profileinstaller:profileinstaller:1.3.0] AndroidManifest.xml:47:25-85
109            </intent-filter>
110            <intent-filter>
110-->[androidx.profileinstaller:profileinstaller:1.3.0] AndroidManifest.xml:49:13-51:29
111                <action android:name="androidx.profileinstaller.action.BENCHMARK_OPERATION" />
111-->[androidx.profileinstaller:profileinstaller:1.3.0] AndroidManifest.xml:50:17-95
111-->[androidx.profileinstaller:profileinstaller:1.3.0] AndroidManifest.xml:50:25-92
112            </intent-filter>
113        </receiver>
114    </application>
115
116</manifest>